# JRE version: OpenJDK Runtime Environment (21.0.7) (build 21.0.7+-13880790-b1038.58)
# Java VM: OpenJDK 64-Bit Server VM (21.0.7+-13880790-b1038.58, mixed mode, tiered, compressed oops, compressed class ptrs, g1 gc, windows-amd64)
GC Precious Log:
 CardTable entry size: 512
 Card Set container configuration: InlinePtr #cards 4 size 8 Array Of Cards #cards 16 size 48 Howl #buckets 8 coarsen threshold 3686 Howl Bitmap #cards 512 size 80 coarsen threshold 460 Card regions per heap region 1 cards per card region 4096
 CPUs: 8 total, 8 available
 Memory: 16144M
 Large Page Support: Disabled
 NUMA Support: Disabled
 Compressed Oops: Enabled (Zero based)
 Heap Region Size: 2M
 Heap Min Capacity: 8M
 Heap Initial Capacity: 254M
 Heap Max Capacity: 4038M
 Pre-touch: Disabled
 Parallel Workers: 8
 Concurrent Workers: 2
 Concurrent Refinement Workers: 8
 Periodic GC: Disabled
Heap:
 garbage-first heap   total 90112K, used 54980K [0x0000000703a00000, 0x0000000800000000)
  region size 2048K, 17 young (34816K), 0 survivors (0K)
 Metaspace       used 41253K, committed 41600K, reserved 1114112K
  class space    used 4614K, committed 4736K, reserved 1048576K
GC Heap History (20 events):
Event: 4.725 GC heap before
{Heap before GC invocations=5 (full 0):
 garbage-first heap   total 32768K, used 22392K [0x0000000703a00000, 0x0000000800000000)
  region size 2048K, 9 young (18432K), 2 survivors (4096K)
 Metaspace       used 27196K, committed 27456K, reserved 1114112K
  class space    used 3092K, committed 3264K, reserved 1048576K
}
Event: 4.731 GC heap after
{Heap after GC invocations=6 (full 0):
 garbage-first heap   total 32768K, used 9076K [0x0000000703a00000, 0x0000000800000000)
  region size 2048K, 2 young (4096K), 2 survivors (4096K)
 Metaspace       used 27196K, committed 27456K, reserved 1114112K
  class space    used 3092K, committed 3264K, reserved 1048576K
}
Event: 5.329 GC heap before
{Heap before GC invocations=6 (full 0):
 garbage-first heap   total 32768K, used 23412K [0x0000000703a00000, 0x0000000800000000)
  region size 2048K, 9 young (18432K), 2 survivors (4096K)
 Metaspace       used 28223K, committed 28480K, reserved 1114112K
  class space    used 3199K, committed 3328K, reserved 1048576K
}
Event: 5.335 GC heap after
{Heap after GC invocations=7 (full 0):
 garbage-first heap   total 32768K, used 10915K [0x0000000703a00000, 0x0000000800000000)
  region size 2048K, 2 young (4096K), 2 survivors (4096K)
 Metaspace       used 28223K, committed 28480K, reserved 1114112K
  class space    used 3199K, committed 3328K, reserved 1048576K
}
Event: 5.743 GC heap before
{Heap before GC invocations=7 (full 0):
 garbage-first heap   total 32768K, used 25251K [0x0000000703a00000, 0x0000000800000000)
  region size 2048K, 9 young (18432K), 2 survivors (4096K)
 Metaspace       used 28943K, committed 29248K, reserved 1114112K
  class space    used 3290K, committed 3392K, reserved 1048576K
}
Event: 5.749 GC heap after
{Heap after GC invocations=8 (full 0):
 garbage-first heap   total 32768K, used 13011K [0x0000000703a00000, 0x0000000800000000)
  region size 2048K, 2 young (4096K), 2 survivors (4096K)
 Metaspace       used 28943K, committed 29248K, reserved 1114112K
  class space    used 3290K, committed 3392K, reserved 1048576K
}
Event: 6.022 GC heap before
{Heap before GC invocations=8 (full 0):
 garbage-first heap   total 32768K, used 25299K [0x0000000703a00000, 0x0000000800000000)
  region size 2048K, 8 young (16384K), 2 survivors (4096K)
 Metaspace       used 29201K, committed 29504K, reserved 1114112K
  class space    used 3319K, committed 3456K, reserved 1048576K
}
Event: 6.029 GC heap after
{Heap after GC invocations=9 (full 0):
 garbage-first heap   total 32768K, used 15010K [0x0000000703a00000, 0x0000000800000000)
  region size 2048K, 1 young (2048K), 1 survivors (2048K)
 Metaspace       used 29201K, committed 29504K, reserved 1114112K
  class space    used 3319K, committed 3456K, reserved 1048576K
}
Event: 6.310 GC heap before
{Heap before GC invocations=9 (full 0):
 garbage-first heap   total 32768K, used 25250K [0x0000000703a00000, 0x0000000800000000)
  region size 2048K, 6 young (12288K), 1 survivors (2048K)
 Metaspace       used 29366K, committed 29632K, reserved 1114112K
  class space    used 3325K, committed 3456K, reserved 1048576K
}
Event: 6.313 GC heap after
{Heap after GC invocations=10 (full 0):
 garbage-first heap   total 32768K, used 15731K [0x0000000703a00000, 0x0000000800000000)
  region size 2048K, 1 young (2048K), 1 survivors (2048K)
 Metaspace       used 29366K, committed 29632K, reserved 1114112K
  class space    used 3325K, committed 3456K, reserved 1048576K
}
Event: 6.604 GC heap before
{Heap before GC invocations=10 (full 0):
 garbage-first heap   total 32768K, used 25971K [0x0000000703a00000, 0x0000000800000000)
  region size 2048K, 6 young (12288K), 1 survivors (2048K)
 Metaspace       used 29422K, committed 29696K, reserved 1114112K
  class space    used 3326K, committed 3456K, reserved 1048576K
}
Event: 6.606 GC heap after
{Heap after GC invocations=11 (full 0):
 garbage-first heap   total 147456K, used 16124K [0x0000000703a00000, 0x0000000800000000)
  region size 2048K, 1 young (2048K), 1 survivors (2048K)
 Metaspace       used 29422K, committed 29696K, reserved 1114112K
  class space    used 3326K, committed 3456K, reserved 1048576K
}
Event: 7.579 GC heap before
{Heap before GC invocations=12 (full 0):
 garbage-first heap   total 61440K, used 50940K [0x0000000703a00000, 0x0000000800000000)
  region size 2048K, 18 young (36864K), 1 survivors (2048K)
 Metaspace       used 29790K, committed 30080K, reserved 1114112K
  class space    used 3328K, committed 3456K, reserved 1048576K
}
Event: 7.582 GC heap after
{Heap after GC invocations=13 (full 0):
 garbage-first heap   total 61440K, used 18296K [0x0000000703a00000, 0x0000000800000000)
  region size 2048K, 2 young (4096K), 2 survivors (4096K)
 Metaspace       used 29790K, committed 30080K, reserved 1114112K
  class space    used 3328K, committed 3456K, reserved 1048576K
}
Event: 8.891 GC heap before
{Heap before GC invocations=13 (full 0):
 garbage-first heap   total 94208K, used 83832K [0x0000000703a00000, 0x0000000800000000)
  region size 2048K, 18 young (36864K), 2 survivors (4096K)
 Metaspace       used 31069K, committed 31360K, reserved 1114112K
  class space    used 3471K, committed 3584K, reserved 1048576K
}
Event: 8.897 GC heap after
{Heap after GC invocations=14 (full 0):
 garbage-first heap   total 94208K, used 19711K [0x0000000703a00000, 0x0000000800000000)
  region size 2048K, 3 young (6144K), 3 survivors (6144K)
 Metaspace       used 31069K, committed 31360K, reserved 1114112K
  class space    used 3471K, committed 3584K, reserved 1048576K
}
Event: 10.377 GC heap before
{Heap before GC invocations=14 (full 0):
 garbage-first heap   total 94208K, used 68863K [0x0000000703a00000, 0x0000000800000000)
  region size 2048K, 27 young (55296K), 3 survivors (6144K)
 Metaspace       used 36421K, committed 36800K, reserved 1114112K
  class space    used 4029K, committed 4224K, reserved 1048576K
}
Event: 10.384 GC heap after
{Heap after GC invocations=15 (full 0):
 garbage-first heap   total 94208K, used 23562K [0x0000000703a00000, 0x0000000800000000)
  region size 2048K, 4 young (8192K), 4 survivors (8192K)
 Metaspace       used 36421K, committed 36800K, reserved 1114112K
  class space    used 4029K, committed 4224K, reserved 1048576K
}
Event: 46.887 GC heap before
{Heap before GC invocations=15 (full 0):
 garbage-first heap   total 94208K, used 37898K [0x0000000703a00000, 0x0000000800000000)
  region size 2048K, 13 young (26624K), 4 survivors (8192K)
 Metaspace       used 41130K, committed 41472K, reserved 1114112K
  class space    used 4614K, committed 4736K, reserved 1048576K
}
Event: 46.961 GC heap after
{Heap after GC invocations=16 (full 1):
 garbage-first heap   total 90112K, used 22212K [0x0000000703a00000, 0x0000000800000000)
  region size 2048K, 0 young (0K), 0 survivors (0K)
 Metaspace       used 41130K, committed 41472K, reserved 1114112K
  class space    used 4614K, committed 4736K, reserved 1048576K
}

